<?xml version="1.0" encoding="UTF-8"?>
<testsuite name="com.kodilla.MyExercises.ShoppingListTestSuite" tests="2" skipped="0" failures="0" errors="0" timestamp="2025-11-16T13:50:41.514Z" hostname="DESKTOP-CMK6P3P" time="0.003">
  <properties/>
  <testcase name="TestAddItemToList()" classname="com.kodilla.MyExercises.ShoppingListTestSuite" time="0.002"/>
  <testcase name="TestCountItemsPerUser()" classname="com.kodilla.MyExercises.ShoppingListTestSuite" time="0.0"/>
  <system-out><![CDATA[]]></system-out>
  <system-err><![CDATA[]]></system-err>
</testsuite>
