<?xml version="1.0" encoding="UTF-8"?>
<testsuite name="com.kodilla.school.StudentTestSuite" tests="4" skipped="0" failures="0" errors="0" timestamp="2025-11-16T13:50:41.574Z" hostname="DESKTOP-CMK6P3P" time="0.004">
  <properties/>
  <testcase name="shouldCalculateCorrectAveragesIfValuesAreInRange()" classname="com.kodilla.school.StudentTestSuite" time="0.002"/>
  <testcase name="shouldCalculateStudentAverage()" classname="com.kodilla.school.StudentTestSuite" time="0.0"/>
  <testcase name="shouldCalculateAveragesIfValuesAreOutsideRange()" classname="com.kodilla.school.StudentTestSuite" time="0.0"/>
  <testcase name="averageShouldBeZeroIfStudentDontHaveGrades()" classname="com.kodilla.school.StudentTestSuite" time="0.0"/>
  <system-out><![CDATA[]]></system-out>
  <system-err><![CDATA[]]></system-err>
</testsuite>
