<?xml version="1.0" encoding="UTF-8"?>
<testsuite name="com.kodilla.bank.homework.CashMachineTestSuite" tests="7" skipped="0" failures="0" errors="0" timestamp="2025-11-16T13:50:41.557Z" hostname="DESKTOP-CMK6P3P" time="0.006">
  <properties/>
  <testcase name="shouldReturnCorrectNumberOfTransactions()" classname="com.kodilla.bank.homework.CashMachineTestSuite" time="0.001"/>
  <testcase name="shouldCalculateCorrectSaldo()" classname="com.kodilla.bank.homework.CashMachineTestSuite" time="0.0"/>
  <testcase name="shouldReturnSumOfWithdrawals()" classname="com.kodilla.bank.homework.CashMachineTestSuite" time="0.0"/>
  <testcase name="shouldCountWithdrawalsCorrectly()" classname="com.kodilla.bank.homework.CashMachineTestSuite" time="0.0"/>
  <testcase name="shouldAddTransactionsCorrectly()" classname="com.kodilla.bank.homework.CashMachineTestSuite" time="0.0"/>
  <testcase name="shouldReturnSumOfDeposits()" classname="com.kodilla.bank.homework.CashMachineTestSuite" time="0.0"/>
  <testcase name="shouldCountDepositsCorrectly()" classname="com.kodilla.bank.homework.CashMachineTestSuite" time="0.0"/>
  <system-out><![CDATA[]]></system-out>
  <system-err><![CDATA[]]></system-err>
</testsuite>
