<?xml version="1.0" encoding="UTF-8"?>
<testsuite name="com.kodilla.MyExercises.streamIoptional.AppTestSuite" tests="4" skipped="0" failures="0" errors="0" timestamp="2025-11-16T13:50:41.539Z" hostname="DESKTOP-CMK6P3P" time="0.011">
  <properties/>
  <testcase name="shouldReturnAverageLengthWithinValidRange()" classname="com.kodilla.MyExercises.streamIoptional.AppTestSuite" time="0.004"/>
  <testcase name="shouldCalculateAverageLengthOfUserIds()" classname="com.kodilla.MyExercises.streamIoptional.AppTestSuite" time="0.001"/>
  <testcase name="shouldVerifyifNullIsSkipped()" classname="com.kodilla.MyExercises.streamIoptional.AppTestSuite" time="0.001"/>
  <testcase name="shouldReturnOnlyUsersWithPhoneNumbers()" classname="com.kodilla.MyExercises.streamIoptional.AppTestSuite" time="0.002"/>
  <system-out><![CDATA[]]></system-out>
  <system-err><![CDATA[]]></system-err>
</testsuite>
